C:\USERS\ADY\DOCUMENTS\VISUAL STUDIO 2012\PROJECTS\E 070\E 070\DEBUG\E 070.PCH
C:\USERS\ADY\DOCUMENTS\VISUAL STUDIO 2012\PROJECTS\E 070\E 070\DEBUG\STDAFX.OBJ
C:\USERS\ADY\DOCUMENTS\VISUAL STUDIO 2012\PROJECTS\E 070\E 070\DEBUG\VC110.PDB
C:\USERS\ADY\DOCUMENTS\VISUAL STUDIO 2012\PROJECTS\E 070\E 070\DEBUG\E 070.OBJ
C:\USERS\ADY\DOCUMENTS\VISUAL STUDIO 2012\PROJECTS\E 070\DEBUG\E 070.ILK
C:\USERS\ADY\DOCUMENTS\VISUAL STUDIO 2012\PROJECTS\E 070\DEBUG\E 070.EXE
C:\USERS\ADY\DOCUMENTS\VISUAL STUDIO 2012\PROJECTS\E 070\DEBUG\E 070.PDB
C:\USERS\ADY\DOCUMENTS\VISUAL STUDIO 2012\PROJECTS\E 070\E 070\DEBUG\E 070.RES
C:\Users\Ady\Documents\Visual Studio 2012\Projects\E 070\E 070\Debug\E 070.obj
C:\Users\Ady\Documents\Visual Studio 2012\Projects\E 070\E 070\Debug\stdafx.obj
C:\Users\Ady\Documents\Visual Studio 2012\Projects\E 070\E 070\Debug\cl.command.1.tlog
C:\Users\Ady\Documents\Visual Studio 2012\Projects\E 070\E 070\Debug\CL.read.1.tlog
C:\Users\Ady\Documents\Visual Studio 2012\Projects\E 070\E 070\Debug\CL.write.1.tlog
C:\Users\Ady\Documents\Visual Studio 2012\Projects\E 070\E 070\Debug\link-cvtres.read.1.tlog
C:\Users\Ady\Documents\Visual Studio 2012\Projects\E 070\E 070\Debug\link-cvtres.write.1.tlog
C:\Users\Ady\Documents\Visual Studio 2012\Projects\E 070\E 070\Debug\link-mt.read.1.tlog
C:\Users\Ady\Documents\Visual Studio 2012\Projects\E 070\E 070\Debug\link-mt.write.1.tlog
C:\Users\Ady\Documents\Visual Studio 2012\Projects\E 070\E 070\Debug\link-rc.read.1.tlog
C:\Users\Ady\Documents\Visual Studio 2012\Projects\E 070\E 070\Debug\link-rc.write.1.tlog
C:\Users\Ady\Documents\Visual Studio 2012\Projects\E 070\E 070\Debug\link.command.1.tlog
C:\Users\Ady\Documents\Visual Studio 2012\Projects\E 070\E 070\Debug\link.read.1.tlog
C:\Users\Ady\Documents\Visual Studio 2012\Projects\E 070\E 070\Debug\link.write.1.tlog
C:\Users\Ady\Documents\Visual Studio 2012\Projects\E 070\E 070\Debug\rc.command.1.tlog
C:\Users\Ady\Documents\Visual Studio 2012\Projects\E 070\E 070\Debug\rc.read.1.tlog
C:\Users\Ady\Documents\Visual Studio 2012\Projects\E 070\E 070\Debug\rc.write.1.tlog
C:\Users\Ady\Documents\Visual Studio 2012\Projects\E 070\E 070\Debug\E 070.res
C:\Users\Ady\Documents\Visual Studio 2012\Projects\E 070\E 070\Debug\E 070.pch
C:\Users\Ady\Documents\Visual Studio 2012\Projects\E 070\E 070\Debug\vc110.idb
C:\Users\Ady\Documents\Visual Studio 2012\Projects\E 070\E 070\Debug\vc110.pdb
C:\Users\Ady\Documents\Visual Studio 2012\Projects\E 070\Debug\E 070.pdb
C:\Users\Ady\Documents\Visual Studio 2012\Projects\E 070\Debug\E 070.exe
C:\Users\Ady\Documents\Visual Studio 2012\Projects\E 070\Debug\E 070.ilk
